<?xml version="1.0" encoding="UTF-8"?>
<testsuite xmlns:xsi="http://www.w3.org/2001/XMLSchema-instance" xsi:noNamespaceSchemaLocation="https://maven.apache.org/surefire/maven-surefire-plugin/xsd/surefire-test-report.xsd" version="3.0.2" name="com.hris.organisation.controller.WorkScheduleControllerTest" time="2.117" tests="1" errors="0" skipped="0" failures="0">
  <properties>
[...]
</properties>
  <testcase name="returnsWorkScheduleLookupDataSuccessfully" classname="com.hris.organisation.controller.WorkScheduleControllerTest" time="2.116">
    <system-out><![CDATA[21:13:39.866 [main] INFO org.hibernate.validator.internal.util.Version -- HV000001: Hibernate Validator 8.0.2.Final
21:13:40.998 [main] INFO org.springframework.mock.web.MockServletContext -- Initializing Spring TestDispatcherServlet ''
21:13:40.999 [main] INFO org.springframework.test.web.servlet.TestDispatcherServlet -- Initializing Servlet ''
21:13:41.011 [main] INFO org.springframework.test.web.servlet.TestDispatcherServlet -- Completed initialization in 9 ms
]]></system-out>
  </testcase>
</testsuite>